/home/evgen/src/edk2/Build/OvmfX64/DEBUG_GCC5/X64/OvmfPkg/Sec/SecMain/OUTPUT/SecMain.lib
/home/evgen/src/edk2/Build/OvmfX64/DEBUG_GCC5/X64/MdePkg/Library/PeiServicesTablePointerLibIdt/PeiServicesTablePointerLibIdt/OUTPUT/PeiServicesTablePointerLibIdt.lib
/home/evgen/src/edk2/Build/OvmfX64/DEBUG_GCC5/X64/MdePkg/Library/RegisterFilterLibNull/RegisterFilterLibNull/OUTPUT/FilterLibNull.lib
/home/evgen/src/edk2/Build/OvmfX64/DEBUG_GCC5/X64/OvmfPkg/Library/VmgExitLib/SecVmgExitLib/OUTPUT/SecVmgExitLib.lib
/home/evgen/src/edk2/Build/OvmfX64/DEBUG_GCC5/X64/MdePkg/Library/TdxLib/TdxLib/OUTPUT/TdxLib.lib
/home/evgen/src/edk2/Build/OvmfX64/DEBUG_GCC5/X64/MdePkg/Library/PeiMemoryAllocationLib/PeiMemoryAllocationLib/OUTPUT/PeiMemoryAllocationLib.lib
/home/evgen/src/edk2/Build/OvmfX64/DEBUG_GCC5/X64/MdePkg/Library/PeiHobLib/PeiHobLib/OUTPUT/PeiHobLib.lib
/home/evgen/src/edk2/Build/OvmfX64/DEBUG_GCC5/X64/OvmfPkg/Library/CcProbeLib/SecPeiCcProbeLib/OUTPUT/SecPeiCcProbeLib.lib
/home/evgen/src/edk2/Build/OvmfX64/DEBUG_GCC5/X64/OvmfPkg/Library/BaseMemEncryptSevLib/SecMemEncryptSevLib/OUTPUT/SecMemEncryptSevLib.lib
/home/evgen/src/edk2/Build/OvmfX64/DEBUG_GCC5/X64/UefiCpuPkg/Library/BaseXApicX2ApicLib/BaseXApicX2ApicLib/OUTPUT/BaseXApicX2ApicLib.lib
/home/evgen/src/edk2/Build/OvmfX64/DEBUG_GCC5/X64/MdePkg/Library/BaseIoLibIntrinsic/BaseIoLibIntrinsicSev/OUTPUT/BaseIoLibIntrinsicSev.lib
/home/evgen/src/edk2/Build/OvmfX64/DEBUG_GCC5/X64/UefiCpuPkg/Library/BaseUefiCpuLib/BaseUefiCpuLib/OUTPUT/BaseUefiCpuLib.lib
/home/evgen/src/edk2/Build/OvmfX64/DEBUG_GCC5/X64/MdePkg/Library/BaseCpuLib/BaseCpuLib/OUTPUT/BaseCpuLib.lib
/home/evgen/src/edk2/Build/OvmfX64/DEBUG_GCC5/X64/MdePkg/Library/BasePcdLibNull/BasePcdLibNull/OUTPUT/BasePcdLibNull.lib
/home/evgen/src/edk2/Build/OvmfX64/DEBUG_GCC5/X64/MdePkg/Library/PeiServicesLib/PeiServicesLib/OUTPUT/PeiServicesLib.lib
/home/evgen/src/edk2/Build/OvmfX64/DEBUG_GCC5/X64/MdePkg/Library/BaseMemoryLibRepStr/BaseMemoryLibRepStr/OUTPUT/BaseMemoryLibRepStr.lib
/home/evgen/src/edk2/Build/OvmfX64/DEBUG_GCC5/X64/MdePkg/Library/BaseLib/BaseLib/OUTPUT/BaseLib.lib
/home/evgen/src/edk2/Build/OvmfX64/DEBUG_GCC5/X64/MdePkg/Library/BaseDebugPrintErrorLevelLib/BaseDebugPrintErrorLevelLib/OUTPUT/BaseDebugPrintErrorLevelLib.lib
/home/evgen/src/edk2/Build/OvmfX64/DEBUG_GCC5/X64/MdePkg/Library/BasePrintLib/BasePrintLib/OUTPUT/BasePrintLib.lib
/home/evgen/src/edk2/Build/OvmfX64/DEBUG_GCC5/X64/OvmfPkg/Library/PlatformDebugLibIoPort/PlatformRomDebugLibIoPort/OUTPUT/PlatformRomDebugLibIoPort.lib
/home/evgen/src/edk2/Build/OvmfX64/DEBUG_GCC5/X64/MdePkg/Library/BasePciCf8Lib/BasePciCf8Lib/OUTPUT/BasePciCf8Lib.lib
/home/evgen/src/edk2/Build/OvmfX64/DEBUG_GCC5/X64/MdePkg/Library/BasePciLibCf8/BasePciLibCf8/OUTPUT/BasePciLibCf8.lib
/home/evgen/src/edk2/Build/OvmfX64/DEBUG_GCC5/X64/OvmfPkg/Library/AcpiTimerLib/BaseRomAcpiTimerLib/OUTPUT/BaseRomAcpiTimerLib.lib
/home/evgen/src/edk2/Build/OvmfX64/DEBUG_GCC5/X64/OvmfPkg/Library/QemuFwCfgLib/QemuFwCfgSecLib/OUTPUT/QemuFwCfgSecLib.lib
/home/evgen/src/edk2/Build/OvmfX64/DEBUG_GCC5/X64/MdePkg/Library/BasePeCoffExtraActionLibNull/BasePeCoffExtraActionLibNull/OUTPUT/PeCoffExtraActionLibNull.lib
/home/evgen/src/edk2/Build/OvmfX64/DEBUG_GCC5/X64/PcAtChipsetPkg/Library/SerialIoLib/SerialIoLib/OUTPUT/PcAtSerialPortLib.lib
/home/evgen/src/edk2/Build/OvmfX64/DEBUG_GCC5/X64/MdePkg/Library/BasePeCoffGetEntryPointLib/BasePeCoffGetEntryPointLib/OUTPUT/BasePeCoffGetEntryPointLib.lib
/home/evgen/src/edk2/Build/OvmfX64/DEBUG_GCC5/X64/MdePkg/Library/BaseExtractGuidedSectionLib/BaseExtractGuidedSectionLib/OUTPUT/BaseExtractGuidedSectionLib.lib
/home/evgen/src/edk2/Build/OvmfX64/DEBUG_GCC5/X64/OvmfPkg/Library/HardwareInfoLib/PeiHardwareInfoLib/OUTPUT/PeiHardwareInfoLib.lib
/home/evgen/src/edk2/Build/OvmfX64/DEBUG_GCC5/X64/UefiCpuPkg/Library/MtrrLib/MtrrLib/OUTPUT/MtrrLib.lib
/home/evgen/src/edk2/Build/OvmfX64/DEBUG_GCC5/X64/OvmfPkg/Library/QemuFwCfgSimpleParserLib/QemuFwCfgSimpleParserLib/OUTPUT/QemuFwCfgSimpleParserLib.lib
/home/evgen/src/edk2/Build/OvmfX64/DEBUG_GCC5/X64/MdeModulePkg/Library/DebugAgentLibNull/DebugAgentLibNull/OUTPUT/DebugAgentLibNull.lib
/home/evgen/src/edk2/Build/OvmfX64/DEBUG_GCC5/X64/MdePkg/Library/BasePeCoffLib/BasePeCoffLib/OUTPUT/BasePeCoffLib.lib
/home/evgen/src/edk2/Build/OvmfX64/DEBUG_GCC5/X64/UefiCpuPkg/Library/CpuExceptionHandlerLib/SecPeiCpuExceptionHandlerLib/OUTPUT/SecPeiCpuExceptionHandlerLib.lib
/home/evgen/src/edk2/Build/OvmfX64/DEBUG_GCC5/X64/MdeModulePkg/Library/LzmaCustomDecompressLib/LzmaCustomDecompressLib/OUTPUT/LzmaDecompressLib.lib
/home/evgen/src/edk2/Build/OvmfX64/DEBUG_GCC5/X64/OvmfPkg/Library/PlatformInitLib/PlatformInitLib/OUTPUT/PlatformInitLib.lib